2020-07-06T18:52:46.203Z - normal: Load ~/.CocosCreator/settings.json
2020-07-06T18:52:46.232Z - normal: Initializing Asset Database
2020-07-06T18:52:46.235Z - normal: checking language setting...
2020-07-06T18:52:46.235Z - normal: Language: zh
2020-07-06T18:52:47.035Z - success: preview server running at http://localhost:7456
2020-07-06T18:52:47.044Z - success: protocol editor-framework registered
2020-07-06T18:52:47.044Z - success: protocol app registered
2020-07-06T18:52:47.045Z - success: protocol theme registered
2020-07-06T18:52:47.045Z - success: protocol packages registered
2020-07-06T18:52:47.045Z - success: protocol uuid registerred
2020-07-06T18:52:47.045Z - success: protocol db registerred
2020-07-06T18:52:47.045Z - success: protocol thumbnail registerred
2020-07-06T18:52:47.045Z - success: protocol unpack registerred
2020-07-06T18:52:47.045Z - success: protocol disable-commonjs registerred
2020-07-06T18:52:48.548Z - normal: connected!
2020-07-06T18:52:48.549Z - normal: Check project /Users/sunegg/Desktop/Sunegg/Cocos/projects/moon
2020-07-06T18:52:48.550Z - normal: Initializing project /Users/sunegg/Desktop/Sunegg/Cocos/projects/moon
2020-07-06T18:52:48.565Z - success: adapters loaded
2020-07-06T18:52:48.568Z - success: asset-db-debugger loaded
2020-07-06T18:52:48.617Z - success: fb-audience-network loaded
2020-07-06T18:52:48.644Z - success: fb-live-stream loaded
2020-07-06T18:52:48.646Z - success: google-play-instant loaded
2020-07-06T18:52:48.646Z - success: huawei-adapter loaded
2020-07-06T18:52:48.647Z - success: jkw-adapter loaded
2020-07-06T18:52:48.648Z - success: jsb-adapter loaded
2020-07-06T18:52:48.648Z - success: oppo-adapter loaded
2020-07-06T18:52:48.652Z - success: package-manager loaded
2020-07-06T18:52:48.652Z - success: qtt-adapter loaded
2020-07-06T18:52:48.654Z - success: runtime-dev-tools loaded
2020-07-06T18:52:48.658Z - success: sdkbox loaded
2020-07-06T18:52:48.661Z - success: ui-kit-preview-extra loaded
2020-07-06T18:52:48.663Z - success: ui-kit-preview loaded
2020-07-06T18:52:48.663Z - success: vivo-adapter loaded
2020-07-06T18:52:48.697Z - success: alipay-minigame loaded
2020-07-06T18:52:48.745Z - success: assets loaded
2020-07-06T18:52:48.746Z - success: baidugame-opendata loaded
2020-07-06T18:52:48.747Z - success: baidugame loaded
2020-07-06T18:52:48.751Z - success: builder loaded
2020-07-06T18:52:48.756Z - success: cloud-function loaded
2020-07-06T18:52:48.896Z - success: cocos-services loaded
2020-07-06T18:52:48.899Z - success: console loaded
2020-07-06T18:52:48.900Z - success: curve-editor loaded
2020-07-06T18:52:48.910Z - success: fb-instant-games loaded
2020-07-06T18:52:48.913Z - success: game-window loaded
2020-07-06T18:52:48.914Z - success: google-instant-games loaded
2020-07-06T18:52:48.917Z - success: hierarchy loaded
2020-07-06T18:52:48.919Z - success: huawei-runtime loaded
2020-07-06T18:52:48.921Z - success: inspector loaded
2020-07-06T18:52:48.988Z - success: cpk-publish loaded
2020-07-06T18:52:48.988Z - success: keystore loaded
2020-07-06T18:52:49.000Z - success: node-library loaded
2020-07-06T18:52:49.001Z - success: open-recent-items loaded
2020-07-06T18:52:49.003Z - success: oppo-runtime loaded
2020-07-06T18:52:49.004Z - success: package-asset loaded
2020-07-06T18:52:49.004Z - success: preferences loaded
2020-07-06T18:52:49.007Z - success: project-importer loaded
2020-07-06T18:52:49.009Z - success: project-settings loaded
2020-07-06T18:52:49.019Z - success: qtt-runtime loaded
2020-07-06T18:52:49.022Z - success: scene loaded
2020-07-06T18:52:49.023Z - success: simulator-debugger loaded
2020-07-06T18:52:49.023Z - success: sprite-editor loaded
2020-07-06T18:52:49.052Z - success: store loaded
2020-07-06T18:52:49.055Z - success: timeline loaded
2020-07-06T18:52:49.058Z - success: vivo-runtime loaded
2020-07-06T18:52:49.059Z - success: wechatgame-opendata loaded
2020-07-06T18:52:49.062Z - success: wechatgame loaded
2020-07-06T18:52:49.064Z - success: xiaomi-runtime loaded
2020-07-06T18:52:49.175Z - success: im-plugin loaded
2020-07-06T18:52:50.214Z - normal: Initializing Cocos2d
2020-07-06T18:52:50.470Z - normal: Initializing engine extends
2020-07-06T18:52:51.220Z - normal: Loading packages
2020-07-06T18:52:51.222Z - normal: Watching packages
2020-07-06T18:52:51.299Z - normal: Run Application
2020-07-06T18:52:52.031Z - info: Cocos Service load base data!
2020-07-06T18:52:55.559Z - warn: Please specifiy a default value for "Jump.touchNode" at its declaration:
 
// Before:
@property(...)
myProp;
// After:
@property(...)
myProp = 0;
2020-07-06T18:52:55.560Z - warn: Please specifiy a default value for "RandomSpawner.prefab" at its declaration:
 
// Before:
@property(...)
myProp;
// After:
@property(...)
myProp = 0;
2020-07-06T18:52:55.560Z - warn: Please specifiy a default value for "RandomSpawner.parent" at its declaration:
 
// Before:
@property(...)
myProp;
// After:
@property(...)
myProp = 0;
2020-07-06T18:52:55.561Z - warn: Please specifiy a default value for "GameManager.gameOverView" at its declaration:
 
// Before:
@property(...)
myProp;
// After:
@property(...)
myProp = 0;
2020-07-06T18:52:55.561Z - warn: Please specifiy a default value for "GameManager.currentStair" at its declaration:
 
// Before:
@property(...)
myProp;
// After:
@property(...)
myProp = 0;
2020-07-06T18:52:55.561Z - warn: Please specifiy a default value for "GameManager.nextStair" at its declaration:
 
// Before:
@property(...)
myProp;
// After:
@property(...)
myProp = 0;
2020-07-06T18:52:55.561Z - warn: Please specifiy a default value for "GameManager.scoreLabel" at its declaration:
 
// Before:
@property(...)
myProp;
// After:
@property(...)
myProp = 0;
2020-07-06T18:52:55.562Z - error: Please change the definition of property 'scoreSfx' in class 'GameManager'. Since v1.10,
properties in CCClass can not be abbreviated if they are RawAsset.
Please declare in the complete form.
For example, if you have a property of Texture2D, the old definition is:
    scoreSfx: cc.Texture2D,
If you are using JS, you should use:
    scoreSfx: {
      type: cc.Texture2D,// use 'type:' to declare Texture2D object directly
      default: null,     // object's default value is null
    },
If you are using TS, you should use:
    @property({
      type: cc.Texture2D,// use 'type:' to declare Texture2D object directly
    })
    %s: cc.Texture2D = null;
    at Object.exports.getFullFormOfProperty (/Applications/CocosCreator/Creator/2.3.4/CocosCreator.app/Contents/Resources/engine/bin/.cache/dev/cocos2d/core/platform/preprocess-class.js:289:14)
    at genProperty (/Applications/CocosCreator/Creator/2.3.4/CocosCreator.app/Contents/Resources/engine/bin/.cache/dev/cocos2d/core/platform/CCClassDecorator.js:171:39)
    at normalized (/Applications/CocosCreator/Creator/2.3.4/CocosCreator.app/Contents/Resources/engine/bin/.cache/dev/cocos2d/core/platform/CCClassDecorator.js:453:7)
    at window.__decorate (/Applications/CocosCreator/Creator/2.3.4/CocosCreator.app/Contents/Resources/engine/bin/.cache/dev/polyfill/typescript.js:81:56)
    at /Users/sunegg/Desktop/Sunegg/Cocos/projects/moon/temp/quick-scripts/dst/assets/scripts/GameManager.js:138:5
    at __define (/Users/sunegg/Desktop/Sunegg/Cocos/projects/moon/temp/quick-scripts/dst/assets/scripts/GameManager.js:151:2)
    at /Users/sunegg/Desktop/Sunegg/Cocos/projects/moon/temp/quick-scripts/dst/assets/scripts/GameManager.js:157:25
    at Object.<anonymous> (/Users/sunegg/Desktop/Sunegg/Cocos/projects/moon/temp/quick-scripts/dst/assets/scripts/GameManager.js:164:19)
    at Object.<anonymous> (/Users/sunegg/Desktop/Sunegg/Cocos/projects/moon/temp/quick-scripts/dst/assets/scripts/GameManager.js:166:3)
2020-07-06T18:52:55.562Z - warn: Please specifiy a default value for "GameManager.scoreSfx" at its declaration:
 
// Before:
@property(...)
myProp;
// After:
@property(...)
myProp = 0;
2020-07-06T18:52:55.562Z - error: Please change the definition of property 'gameOverSfx' in class 'GameManager'. Since v1.10,
properties in CCClass can not be abbreviated if they are RawAsset.
Please declare in the complete form.
For example, if you have a property of Texture2D, the old definition is:
    gameOverSfx: cc.Texture2D,
If you are using JS, you should use:
    gameOverSfx: {
      type: cc.Texture2D,// use 'type:' to declare Texture2D object directly
      default: null,     // object's default value is null
    },
If you are using TS, you should use:
    @property({
      type: cc.Texture2D,// use 'type:' to declare Texture2D object directly
    })
    %s: cc.Texture2D = null;
    at Object.exports.getFullFormOfProperty (/Applications/CocosCreator/Creator/2.3.4/CocosCreator.app/Contents/Resources/engine/bin/.cache/dev/cocos2d/core/platform/preprocess-class.js:289:14)
    at genProperty (/Applications/CocosCreator/Creator/2.3.4/CocosCreator.app/Contents/Resources/engine/bin/.cache/dev/cocos2d/core/platform/CCClassDecorator.js:171:39)
    at normalized (/Applications/CocosCreator/Creator/2.3.4/CocosCreator.app/Contents/Resources/engine/bin/.cache/dev/cocos2d/core/platform/CCClassDecorator.js:453:7)
    at window.__decorate (/Applications/CocosCreator/Creator/2.3.4/CocosCreator.app/Contents/Resources/engine/bin/.cache/dev/polyfill/typescript.js:81:56)
    at /Users/sunegg/Desktop/Sunegg/Cocos/projects/moon/temp/quick-scripts/dst/assets/scripts/GameManager.js:141:5
    at __define (/Users/sunegg/Desktop/Sunegg/Cocos/projects/moon/temp/quick-scripts/dst/assets/scripts/GameManager.js:151:2)
    at /Users/sunegg/Desktop/Sunegg/Cocos/projects/moon/temp/quick-scripts/dst/assets/scripts/GameManager.js:157:25
    at Object.<anonymous> (/Users/sunegg/Desktop/Sunegg/Cocos/projects/moon/temp/quick-scripts/dst/assets/scripts/GameManager.js:164:19)
    at Object.<anonymous> (/Users/sunegg/Desktop/Sunegg/Cocos/projects/moon/temp/quick-scripts/dst/assets/scripts/GameManager.js:166:3)
2020-07-06T18:52:55.562Z - warn: Please specifiy a default value for "GameManager.gameOverSfx" at its declaration:
 
// Before:
@property(...)
myProp;
// After:
@property(...)
myProp = 0;
2020-07-06T18:52:55.563Z - error: Please change the definition of property 'jumpSfx' in class 'GameManager'. Since v1.10,
properties in CCClass can not be abbreviated if they are RawAsset.
Please declare in the complete form.
For example, if you have a property of Texture2D, the old definition is:
    jumpSfx: cc.Texture2D,
If you are using JS, you should use:
    jumpSfx: {
      type: cc.Texture2D,// use 'type:' to declare Texture2D object directly
      default: null,     // object's default value is null
    },
If you are using TS, you should use:
    @property({
      type: cc.Texture2D,// use 'type:' to declare Texture2D object directly
    })
    %s: cc.Texture2D = null;
    at Object.exports.getFullFormOfProperty (/Applications/CocosCreator/Creator/2.3.4/CocosCreator.app/Contents/Resources/engine/bin/.cache/dev/cocos2d/core/platform/preprocess-class.js:289:14)
    at genProperty (/Applications/CocosCreator/Creator/2.3.4/CocosCreator.app/Contents/Resources/engine/bin/.cache/dev/cocos2d/core/platform/CCClassDecorator.js:171:39)
    at normalized (/Applications/CocosCreator/Creator/2.3.4/CocosCreator.app/Contents/Resources/engine/bin/.cache/dev/cocos2d/core/platform/CCClassDecorator.js:453:7)
    at window.__decorate (/Applications/CocosCreator/Creator/2.3.4/CocosCreator.app/Contents/Resources/engine/bin/.cache/dev/polyfill/typescript.js:81:56)
    at /Users/sunegg/Desktop/Sunegg/Cocos/projects/moon/temp/quick-scripts/dst/assets/scripts/GameManager.js:144:5
    at __define (/Users/sunegg/Desktop/Sunegg/Cocos/projects/moon/temp/quick-scripts/dst/assets/scripts/GameManager.js:151:2)
    at /Users/sunegg/Desktop/Sunegg/Cocos/projects/moon/temp/quick-scripts/dst/assets/scripts/GameManager.js:157:25
    at Object.<anonymous> (/Users/sunegg/Desktop/Sunegg/Cocos/projects/moon/temp/quick-scripts/dst/assets/scripts/GameManager.js:164:19)
    at Object.<anonymous> (/Users/sunegg/Desktop/Sunegg/Cocos/projects/moon/temp/quick-scripts/dst/assets/scripts/GameManager.js:166:3)
2020-07-06T18:52:55.563Z - warn: Please specifiy a default value for "GameManager.jumpSfx" at its declaration:
 
// Before:
@property(...)
myProp;
// After:
@property(...)
myProp = 0;
2020-07-06T18:52:55.564Z - warn: Please specifiy a default value for "PrivacySetup.webView" at its declaration:
 
// Before:
@property(...)
myProp;
// After:
@property(...)
myProp = 0;
2020-07-06T18:52:55.567Z - error: Please change the definition of property 'audio' in class 'UIAudioButton'. Since v1.10,
properties in CCClass can not be abbreviated if they are RawAsset.
Please declare in the complete form.
For example, if you have a property of Texture2D, the old definition is:
    audio: cc.Texture2D,
If you are using JS, you should use:
    audio: {
      type: cc.Texture2D,// use 'type:' to declare Texture2D object directly
      default: null,     // object's default value is null
    },
If you are using TS, you should use:
    @property({
      type: cc.Texture2D,// use 'type:' to declare Texture2D object directly
    })
    %s: cc.Texture2D = null;
    at Object.exports.getFullFormOfProperty (/Applications/CocosCreator/Creator/2.3.4/CocosCreator.app/Contents/Resources/engine/bin/.cache/dev/cocos2d/core/platform/preprocess-class.js:289:14)
    at genProperty (/Applications/CocosCreator/Creator/2.3.4/CocosCreator.app/Contents/Resources/engine/bin/.cache/dev/cocos2d/core/platform/CCClassDecorator.js:171:39)
    at normalized (/Applications/CocosCreator/Creator/2.3.4/CocosCreator.app/Contents/Resources/engine/bin/.cache/dev/cocos2d/core/platform/CCClassDecorator.js:453:7)
    at window.__decorate (/Applications/CocosCreator/Creator/2.3.4/CocosCreator.app/Contents/Resources/engine/bin/.cache/dev/polyfill/typescript.js:81:56)
    at /Users/sunegg/Desktop/Sunegg/Cocos/projects/moon/temp/quick-scripts/dst/assets/scripts/UIAudioButton.js:65:5
    at __define (/Users/sunegg/Desktop/Sunegg/Cocos/projects/moon/temp/quick-scripts/dst/assets/scripts/UIAudioButton.js:72:2)
    at /Users/sunegg/Desktop/Sunegg/Cocos/projects/moon/temp/quick-scripts/dst/assets/scripts/UIAudioButton.js:78:25
    at Object.<anonymous> (/Users/sunegg/Desktop/Sunegg/Cocos/projects/moon/temp/quick-scripts/dst/assets/scripts/UIAudioButton.js:85:19)
    at Object.<anonymous> (/Users/sunegg/Desktop/Sunegg/Cocos/projects/moon/temp/quick-scripts/dst/assets/scripts/UIAudioButton.js:87:3)
2020-07-06T18:52:55.568Z - warn: Please specifiy a default value for "UIShowNode.hideScene" at its declaration:
 
// Before:
@property(...)
myProp;
// After:
@property(...)
myProp = 0;
2020-07-06T18:52:55.569Z - warn: Please specifiy a default value for "UIShowNode.showScene" at its declaration:
 
// Before:
@property(...)
myProp;
// After:
@property(...)
myProp = 0;
